build/outputs/logs/manifest-merger-debug-report.txt
-- Merging decision tree log ---
manifest
ADDED from src\main\AndroidManifest.xml:2:1-219:12
	package
		ADDED from src\main\AndroidManifest.xml:3:5-36
		INJECTED from src\main\AndroidManifest.xml
		INJECTED from src\main\AndroidManifest.xml
	android:versionName
		INJECTED from src\main\AndroidManifest.xml
		INJECTED from src\main\AndroidManifest.xml
	xmlns:android
		ADDED from src\main\AndroidManifest.xml:2:11-69
	android:versionCode
		INJECTED from src\main\AndroidManifest.xml
		INJECTED from src\main\AndroidManifest.xml
uses-permission#android.permission.SEND_SMS
ADDED from src\main\AndroidManifest.xml:5:5-67
	android:name
		ADDED from src\main\AndroidManifest.xml:5:22-64
uses-permission#android.permission.ACCESS_NETWORK_STATE
ADDED from src\main\AndroidManifest.xml:6:5-79
	android:name
		ADDED from src\main\AndroidManifest.xml:6:22-76
uses-permission#android.permission.ACCESS_WIFI_STATE
ADDED from src\main\AndroidManifest.xml:7:5-76
	android:name
		ADDED from src\main\AndroidManifest.xml:7:22-73
uses-permission#android.permission.INTERNET
ADDED from src\main\AndroidManifest.xml:8:5-67
	android:name
		ADDED from src\main\AndroidManifest.xml:8:22-64
uses-permission#android.permission.READ_PHONE_STATE
ADDED from src\main\AndroidManifest.xml:9:5-75
	android:name
		ADDED from src\main\AndroidManifest.xml:9:22-72
uses-permission#android.permission.CHANGE_NETWORK_STATE
ADDED from src\main\AndroidManifest.xml:10:5-79
	android:name
		ADDED from src\main\AndroidManifest.xml:10:22-76
uses-permission#android.permission.CHANGE_WIFI_STATE
ADDED from src\main\AndroidManifest.xml:11:5-76
	android:name
		ADDED from src\main\AndroidManifest.xml:11:22-73
uses-permission#android.permission.WRITE_EXTERNAL_STORAGE
ADDED from src\main\AndroidManifest.xml:13:5-81
	android:name
		ADDED from src\main\AndroidManifest.xml:13:22-78
uses-permission#android.permission.WAKE_LOCK
ADDED from src\main\AndroidManifest.xml:14:5-68
	android:name
		ADDED from src\main\AndroidManifest.xml:14:22-65
uses-permission#android.permission.VIBRATE
ADDED from src\main\AndroidManifest.xml:15:5-66
	android:name
		ADDED from src\main\AndroidManifest.xml:15:22-63
uses-permission#android.permission.WRITE_SETTINGS
ADDED from src\main\AndroidManifest.xml:16:5-73
	android:name
		ADDED from src\main\AndroidManifest.xml:16:22-70
uses-permission#android.permission.RECEIVE_BOOT_COMPLETED
ADDED from src\main\AndroidManifest.xml:17:5-81
	android:name
		ADDED from src\main\AndroidManifest.xml:17:22-78
uses-permission#android.permission.ACCESS_FINE_LOCATION
ADDED from src\main\AndroidManifest.xml:19:5-79
	android:name
		ADDED from src\main\AndroidManifest.xml:19:22-76
uses-permission#android.permission.ACCESS_COARSE_LOCATION
ADDED from src\main\AndroidManifest.xml:20:5-81
	android:name
		ADDED from src\main\AndroidManifest.xml:20:22-78
uses-permission#android.permission.GET_TASKS
ADDED from src\main\AndroidManifest.xml:22:5-68
	android:name
		ADDED from src\main\AndroidManifest.xml:22:22-65
application
ADDED from src\main\AndroidManifest.xml:24:5-217:19
MERGED from [com.android.support:appcompat-v7:23.0.1] AndroidManifest.xml:22:5-20
MERGED from [com.android.support:support-v4:23.1.1] AndroidManifest.xml:22:5-20
MERGED from [com.android.support:design:23.0.1] AndroidManifest.xml:22:5-20
MERGED from [com.android.support:support-v4:23.1.1] AndroidManifest.xml:22:5-20
MERGED from [com.android.support:appcompat-v7:23.0.1] AndroidManifest.xml:22:5-20
MERGED from [com.android.support:support-v4:23.1.1] AndroidManifest.xml:22:5-20
MERGED from [com.android.support:support-v4:23.1.1] AndroidManifest.xml:22:5-20
MERGED from [com.android.support:support-v4:23.1.1] AndroidManifest.xml:22:5-20
MERGED from [com.android.support:support-v4:23.1.1] AndroidManifest.xml:22:5-20
MERGED from [com.android.support:cardview-v7:23.1.1] AndroidManifest.xml:22:5-20
	android:label
		ADDED from src\main\AndroidManifest.xml:28:9-41
	android:allowBackup
		ADDED from src\main\AndroidManifest.xml:26:9-35
	android:icon
		ADDED from src\main\AndroidManifest.xml:27:9-39
	android:theme
		ADDED from src\main\AndroidManifest.xml:29:9-40
	android:name
		ADDED from src\main\AndroidManifest.xml:25:9-38
activity#com.example.smilefood.WecomeActivity
ADDED from src\main\AndroidManifest.xml:30:9-38:20
	android:label
		ADDED from src\main\AndroidManifest.xml:32:13-45
	android:name
		ADDED from src\main\AndroidManifest.xml:31:13-43
intent-filter#android.intent.action.MAIN+android.intent.category.LAUNCHER
ADDED from src\main\AndroidManifest.xml:33:13-37:29
action#android.intent.action.MAIN
ADDED from src\main\AndroidManifest.xml:34:17-69
	android:name
		ADDED from src\main\AndroidManifest.xml:34:25-66
category#android.intent.category.LAUNCHER
ADDED from src\main\AndroidManifest.xml:36:17-77
	android:name
		ADDED from src\main\AndroidManifest.xml:36:27-74
activity#com.example.smilefood.MainActivity
ADDED from src\main\AndroidManifest.xml:39:9-50
	android:name
		ADDED from src\main\AndroidManifest.xml:39:19-47
activity#com.example.smilefood.RejistActivity
ADDED from src\main\AndroidManifest.xml:40:9-52
	android:name
		ADDED from src\main\AndroidManifest.xml:40:19-49
activity#com.example.smilefood.FoodDetailActivity
ADDED from src\main\AndroidManifest.xml:41:9-56
	android:name
		ADDED from src\main\AndroidManifest.xml:41:19-53
activity#com.example.smilefood.LoginActivity
ADDED from src\main\AndroidManifest.xml:42:9-51
	android:name
		ADDED from src\main\AndroidManifest.xml:42:19-48
activity#com.example.smilefood.ScrollingActivity
ADDED from src\main\AndroidManifest.xml:43:9-46:47
	android:label
		ADDED from src\main\AndroidManifest.xml:45:13-61
	android:theme
		ADDED from src\main\AndroidManifest.xml:46:13-44
	android:name
		ADDED from src\main\AndroidManifest.xml:44:13-46
meta-data#UMENG_APPKEY
ADDED from src\main\AndroidManifest.xml:48:9-50:56
	android:value
		ADDED from src\main\AndroidManifest.xml:50:13-53
	android:name
		ADDED from src\main\AndroidManifest.xml:49:13-40
meta-data#UMENG_CHANNEL
ADDED from src\main\AndroidManifest.xml:51:9-53:41
	android:value
		ADDED from src\main\AndroidManifest.xml:53:13-38
	android:name
		ADDED from src\main\AndroidManifest.xml:52:13-41
activity#com.umeng.socialize.view.ShareActivity
ADDED from src\main\AndroidManifest.xml:55:9-61:71
	android:launchMode
		ADDED from src\main\AndroidManifest.xml:58:13-44
	android:noHistory
		ADDED from src\main\AndroidManifest.xml:59:13-37
	android:windowSoftInputMode
		ADDED from src\main\AndroidManifest.xml:61:13-68
	android:configChanges
		ADDED from src\main\AndroidManifest.xml:57:13-57
	android:theme
		ADDED from src\main\AndroidManifest.xml:60:13-50
	android:name
		ADDED from src\main\AndroidManifest.xml:56:13-66
activity#com.example.smilefood.wxapi.WXEntryActivity
ADDED from src\main\AndroidManifest.xml:62:9-67:75
	android:screenOrientation
		ADDED from src\main\AndroidManifest.xml:66:13-49
	android:exported
		ADDED from src\main\AndroidManifest.xml:65:13-36
	android:configChanges
		ADDED from src\main\AndroidManifest.xml:64:13-74
	android:theme
		ADDED from src\main\AndroidManifest.xml:67:13-72
	android:name
		ADDED from src\main\AndroidManifest.xml:63:13-50
activity#com.example.smile.wxapi.WXEntryActivity
ADDED from src\main\AndroidManifest.xml:68:9-73:75
	android:screenOrientation
		ADDED from src\main\AndroidManifest.xml:72:13-49
	android:exported
		ADDED from src\main\AndroidManifest.xml:71:13-36
	android:configChanges
		ADDED from src\main\AndroidManifest.xml:70:13-74
	android:theme
		ADDED from src\main\AndroidManifest.xml:73:13-72
	android:name
		ADDED from src\main\AndroidManifest.xml:69:13-67
activity#com.tencent.tauth.AuthActivity
ADDED from src\main\AndroidManifest.xml:75:9-87:20
	android:launchMode
		ADDED from src\main\AndroidManifest.xml:77:13-44
	android:noHistory
		ADDED from src\main\AndroidManifest.xml:78:13-37
	android:name
		ADDED from src\main\AndroidManifest.xml:76:13-58
intent-filter#android.intent.action.VIEW+android.intent.category.BROWSABLE+android.intent.category.DEFAULT
ADDED from src\main\AndroidManifest.xml:79:13-86:29
action#android.intent.action.VIEW
ADDED from src\main\AndroidManifest.xml:80:17-69
	android:name
		ADDED from src\main\AndroidManifest.xml:80:25-66
category#android.intent.category.DEFAULT
ADDED from src\main\AndroidManifest.xml:82:17-76
	android:name
		ADDED from src\main\AndroidManifest.xml:82:27-73
category#android.intent.category.BROWSABLE
ADDED from src\main\AndroidManifest.xml:83:17-78
	android:name
		ADDED from src\main\AndroidManifest.xml:83:27-75
data
ADDED from src\main\AndroidManifest.xml:85:17-59
	android:scheme
		ADDED from src\main\AndroidManifest.xml:85:23-56
activity#com.tencent.connect.common.AssistActivity
ADDED from src\main\AndroidManifest.xml:88:9-91:75
	android:screenOrientation
		ADDED from src\main\AndroidManifest.xml:90:13-49
	android:theme
		ADDED from src\main\AndroidManifest.xml:91:13-72
	android:name
		ADDED from src\main\AndroidManifest.xml:89:13-69
receiver#com.umeng.message.NotificationProxyBroadcastReceiver
ADDED from src\main\AndroidManifest.xml:93:9-95:40
	android:exported
		ADDED from src\main\AndroidManifest.xml:95:13-37
	android:name
		ADDED from src\main\AndroidManifest.xml:94:13-80
receiver#com.umeng.message.SystemReceiver
ADDED from src\main\AndroidManifest.xml:98:9-112:20
	android:process
		ADDED from src\main\AndroidManifest.xml:100:13-36
	android:name
		ADDED from src\main\AndroidManifest.xml:99:13-60
intent-filter#android.intent.action.BOOT_COMPLETED
ADDED from src\main\AndroidManifest.xml:101:13-103:29
action#android.intent.action.BOOT_COMPLETED
ADDED from src\main\AndroidManifest.xml:102:17-79
	android:name
		ADDED from src\main\AndroidManifest.xml:102:25-76
intent-filter#android.net.conn.CONNECTIVITY_CHANGE
ADDED from src\main\AndroidManifest.xml:104:13-106:29
action#android.net.conn.CONNECTIVITY_CHANGE
ADDED from src\main\AndroidManifest.xml:105:17-79
	android:name
		ADDED from src\main\AndroidManifest.xml:105:25-76
intent-filter#android.intent.action.PACKAGE_REMOVED
ADDED from src\main\AndroidManifest.xml:107:13-111:29
action#android.intent.action.PACKAGE_REMOVED
ADDED from src\main\AndroidManifest.xml:108:17-80
	android:name
		ADDED from src\main\AndroidManifest.xml:108:25-77
receiver#com.umeng.message.MessageReceiver
ADDED from src\main\AndroidManifest.xml:115:9-122:20
	android:process
		ADDED from src\main\AndroidManifest.xml:118:13-36
	android:exported
		ADDED from src\main\AndroidManifest.xml:117:13-37
	android:name
		ADDED from src\main\AndroidManifest.xml:116:13-61
intent-filter#org.agoo.android.intent.action.RECEIVE
ADDED from src\main\AndroidManifest.xml:119:13-121:29
action#org.agoo.android.intent.action.RECEIVE
ADDED from src\main\AndroidManifest.xml:120:17-81
	android:name
		ADDED from src\main\AndroidManifest.xml:120:25-78
receiver#com.umeng.message.ElectionReceiver
ADDED from src\main\AndroidManifest.xml:125:9-133:20
	android:process
		ADDED from src\main\AndroidManifest.xml:127:13-36
	android:name
		ADDED from src\main\AndroidManifest.xml:126:13-62
intent-filter#org.agoo.android.intent.action.ELECTION_RESULT_V4+umeng
ADDED from src\main\AndroidManifest.xml:128:13-132:29
action#org.agoo.android.intent.action.ELECTION_RESULT_V4
ADDED from src\main\AndroidManifest.xml:129:17-92
	android:name
		ADDED from src\main\AndroidManifest.xml:129:25-89
category#umeng
ADDED from src\main\AndroidManifest.xml:131:17-50
	android:name
		ADDED from src\main\AndroidManifest.xml:131:27-47
receiver#com.umeng.message.RegistrationReceiver
ADDED from src\main\AndroidManifest.xml:137:9-143:20
	android:exported
		ADDED from src\main\AndroidManifest.xml:139:13-37
	android:name
		ADDED from src\main\AndroidManifest.xml:138:13-66
intent-filter#com.example.smile.sharedemo.intent.action.COMMAND
ADDED from src\main\AndroidManifest.xml:140:13-142:29
action#com.example.smile.sharedemo.intent.action.COMMAND
ADDED from src\main\AndroidManifest.xml:141:17-92
	android:name
		ADDED from src\main\AndroidManifest.xml:141:25-89
receiver#com.umeng.message.UmengMessageBootReceiver
ADDED from src\main\AndroidManifest.xml:144:9-148:20
	android:name
		ADDED from src\main\AndroidManifest.xml:144:19-76
service#com.umeng.message.UmengService
ADDED from src\main\AndroidManifest.xml:151:9-167:19
	android:process
		ADDED from src\main\AndroidManifest.xml:155:13-36
	android:label
		ADDED from src\main\AndroidManifest.xml:154:13-40
	android:exported
		ADDED from src\main\AndroidManifest.xml:153:13-36
	android:name
		ADDED from src\main\AndroidManifest.xml:152:13-58
intent-filter#com.example.smile.sharedemo.intent.action.START
ADDED from src\main\AndroidManifest.xml:156:13-158:29
action#com.example.smile.sharedemo.intent.action.START
ADDED from src\main\AndroidManifest.xml:157:17-90
	android:name
		ADDED from src\main\AndroidManifest.xml:157:25-87
intent-filter#com.example.smile.sharedemo.intent.action.COCKROACH
ADDED from src\main\AndroidManifest.xml:159:13-161:29
action#com.example.smile.sharedemo.intent.action.COCKROACH
ADDED from src\main\AndroidManifest.xml:160:17-94
	android:name
		ADDED from src\main\AndroidManifest.xml:160:25-91
intent-filter#org.agoo.android.intent.action.PING_V4+umeng
ADDED from src\main\AndroidManifest.xml:162:13-166:29
action#org.agoo.android.intent.action.PING_V4
ADDED from src\main\AndroidManifest.xml:163:17-81
	android:name
		ADDED from src\main\AndroidManifest.xml:163:25-78
service#com.umeng.message.UmengIntentService
ADDED from src\main\AndroidManifest.xml:170:9-172:39
	android:process
		ADDED from src\main\AndroidManifest.xml:172:13-36
	android:name
		ADDED from src\main\AndroidManifest.xml:171:13-64
service#com.umeng.message.UmengMessageIntentReceiverService
ADDED from src\main\AndroidManifest.xml:175:9-185:19
	android:process
		ADDED from src\main\AndroidManifest.xml:178:13-36
	android:exported
		ADDED from src\main\AndroidManifest.xml:177:13-36
	android:name
		ADDED from src\main\AndroidManifest.xml:176:13-79
intent-filter#org.android.agoo.client.MessageReceiverService
ADDED from src\main\AndroidManifest.xml:179:13-181:29
action#org.android.agoo.client.MessageReceiverService
ADDED from src\main\AndroidManifest.xml:180:17-89
	android:name
		ADDED from src\main\AndroidManifest.xml:180:25-86
intent-filter#org.android.agoo.client.ElectionReceiverService
ADDED from src\main\AndroidManifest.xml:182:13-184:29
action#org.android.agoo.client.ElectionReceiverService
ADDED from src\main\AndroidManifest.xml:183:17-90
	android:name
		ADDED from src\main\AndroidManifest.xml:183:25-87
service#com.umeng.message.UmengMessageCallbackHandlerService
ADDED from src\main\AndroidManifest.xml:188:9-203:19
	android:exported
		ADDED from src\main\AndroidManifest.xml:190:13-37
	android:name
		ADDED from src\main\AndroidManifest.xml:189:13-80
intent-filter#com.umeng.messge.registercallback.action
ADDED from src\main\AndroidManifest.xml:191:13-193:29
action#com.umeng.messge.registercallback.action
ADDED from src\main\AndroidManifest.xml:192:17-83
	android:name
		ADDED from src\main\AndroidManifest.xml:192:25-80
intent-filter#com.umeng.message.unregistercallback.action
ADDED from src\main\AndroidManifest.xml:194:13-196:29
action#com.umeng.message.unregistercallback.action
ADDED from src\main\AndroidManifest.xml:195:17-86
	android:name
		ADDED from src\main\AndroidManifest.xml:195:25-83
intent-filter#com.umeng.message.message.handler.action
ADDED from src\main\AndroidManifest.xml:197:13-199:29
action#com.umeng.message.message.handler.action
ADDED from src\main\AndroidManifest.xml:198:17-83
	android:name
		ADDED from src\main\AndroidManifest.xml:198:25-80
intent-filter#com.umeng.message.autoupdate.handler.action
ADDED from src\main\AndroidManifest.xml:200:13-202:29
action#com.umeng.message.autoupdate.handler.action
ADDED from src\main\AndroidManifest.xml:201:17-86
	android:name
		ADDED from src\main\AndroidManifest.xml:201:25-83
service#com.umeng.message.UmengDownloadResourceService
ADDED from src\main\AndroidManifest.xml:206:9-82
	android:name
		ADDED from src\main\AndroidManifest.xml:206:18-79
meta-data#UMENG_MESSAGE_SECRET
ADDED from src\main\AndroidManifest.xml:211:9-213:64
	android:value
		ADDED from src\main\AndroidManifest.xml:213:13-61
	android:name
		ADDED from src\main\AndroidManifest.xml:212:13-48
activity#com.example.smilefood.AboutStoreActivity
ADDED from src\main\AndroidManifest.xml:215:9-56
	android:name
		ADDED from src\main\AndroidManifest.xml:215:19-53
activity#com.example.smilefood.SendAdviceActivity
ADDED from src\main\AndroidManifest.xml:216:9-65
	android:name
		ADDED from src\main\AndroidManifest.xml:216:19-53
uses-sdk
INJECTED from src\main\AndroidManifest.xml reason: use-sdk injection requested
MERGED from [com.android.support:appcompat-v7:23.0.1] AndroidManifest.xml:20:5-43
MERGED from [com.android.support:support-v4:23.1.1] AndroidManifest.xml:20:5-43
MERGED from [com.android.support:design:23.0.1] AndroidManifest.xml:20:5-43
MERGED from [com.android.support:support-v4:23.1.1] AndroidManifest.xml:20:5-43
MERGED from [com.android.support:appcompat-v7:23.0.1] AndroidManifest.xml:20:5-43
MERGED from [com.android.support:support-v4:23.1.1] AndroidManifest.xml:20:5-43
MERGED from [com.android.support:support-v4:23.1.1] AndroidManifest.xml:20:5-43
MERGED from [com.android.support:recyclerview-v7:23.0.1] AndroidManifest.xml:20:5-43
MERGED from [com.android.support:support-v4:23.1.1] AndroidManifest.xml:20:5-43
MERGED from [com.android.support:support-v4:23.1.1] AndroidManifest.xml:20:5-43
MERGED from [com.android.support:cardview-v7:23.1.1] AndroidManifest.xml:20:5-43
	android:targetSdkVersion
		INJECTED from src\main\AndroidManifest.xml
		INJECTED from src\main\AndroidManifest.xml
	android:minSdkVersion
		INJECTED from src\main\AndroidManifest.xml
		INJECTED from src\main\AndroidManifest.xml